<?xml version="1.0" encoding="UTF-8"?>
<testsuite name="krusty.KrustyTests" tests="8" skipped="0" failures="0" errors="0" timestamp="2020-03-24T14:17:40" hostname="Tomass-MacBook-Pro.local" time="0.313">
  <properties/>
  <testcase name="test01Customers" classname="krusty.KrustyTests" time="0.077"/>
  <testcase name="test02Cookies" classname="krusty.KrustyTests" time="0.01"/>
  <testcase name="test03RawMaterials" classname="krusty.KrustyTests" time="0.077"/>
  <testcase name="test04CreatePallets" classname="krusty.KrustyTests" time="0.098"/>
  <testcase name="test05Pallets" classname="krusty.KrustyTests" time="0.018"/>
  <testcase name="test06PalletsByCookie" classname="krusty.KrustyTests" time="0.011"/>
  <testcase name="test07PalletsByCookieAndDate" classname="krusty.KrustyTests" time="0.011"/>
  <testcase name="test08PalletsByCookieAndDate2" classname="krusty.KrustyTests" time="0.009"/>
  <system-out><![CDATA[]]></system-out>
  <system-err><![CDATA[[Test worker] INFO spark.staticfiles.StaticFilesConfiguration - StaticResourceHandler configured with folder = /public
[Thread-5] INFO org.eclipse.jetty.util.log - Logging initialized @3757ms to org.eclipse.jetty.util.log.Slf4jLog
[Thread-5] INFO spark.embeddedserver.jetty.EmbeddedJettyServer - == Spark has ignited ...
[Thread-5] INFO spark.embeddedserver.jetty.EmbeddedJettyServer - >> Listening on 0.0.0.0:8888
[Thread-5] INFO org.eclipse.jetty.server.Server - jetty-9.4.18.v20190429; built: 2019-04-29T20:42:08.989Z; git: e1bc35120a6617ee3df052294e433f3a25ce7097; jvm 11.0.1+13-LTS
[Thread-5] INFO org.eclipse.jetty.server.session - DefaultSessionIdManager workerName=node0
[Thread-5] INFO org.eclipse.jetty.server.session - No SessionScavenger set, using defaults
[Thread-5] INFO org.eclipse.jetty.server.session - node0 Scavenging every 600000ms
[Thread-5] INFO org.eclipse.jetty.server.AbstractConnector - Started ServerConnector@398c29b1{HTTP/1.1,[http/1.1]}{0.0.0.0:8888}
[Thread-5] INFO org.eclipse.jetty.server.Server - Started @4423ms
[Thread-14] INFO spark.embeddedserver.jetty.EmbeddedJettyServer - >>> Spark shutting down ...
]]></system-err>
</testsuite>
